[{"line":2,"elements":[{"start_timestamp":"2023-03-09T23:06:03.445Z","before":[{"result":{"error_message":"org.openqa.selenium.remote.http.ConnectionFailedException: Unable to establish websocket connection to http://localhost:49234/devtools/browser/af923ca3-e9a1-4036-9254-b57ee32b172a\nBuild info: version: '4.4.0', revision: 'e5c75ed026a'\nSystem info: host: 'Nakhtars-MBP', ip: '2600:1700:10f8:6f0:0:0:0:7c6%en0', os.name: 'Mac OS X', os.arch: 'x86_64', os.version: '13.1', java.version: '17.0.4.1'\nDriver info: driver.version: ChromeDriver\n\tat org.openqa.selenium.remote.http.netty.NettyWebSocket.<init>(NettyWebSocket.java:102)\n\tat org.openqa.selenium.remote.http.netty.NettyWebSocket.lambda$create$3(NettyWebSocket.java:128)\n\tat org.openqa.selenium.remote.http.netty.NettyClient.openSocket(NettyClient.java:106)\n\tat org.openqa.selenium.devtools.Connection.<init>(Connection.java:77)\n\tat org.openqa.selenium.chromium.ChromiumDriver.lambda$new$2(ChromiumDriver.java:116)\n\tat java.base/java.util.Optional.map(Optional.java:260)\n\tat org.openqa.selenium.chromium.ChromiumDriver.<init>(ChromiumDriver.java:114)\n\tat org.openqa.selenium.chrome.ChromeDriver.<init>(ChromeDriver.java:81)\n\tat org.openqa.selenium.chrome.ChromeDriver.<init>(ChromeDriver.java:49)\n\tat tek.sdet.framework.config.ChromeBrowser.openBrowser(ChromeBrowser.java:16)\n\tat tek.sdet.framework.base.BaseSetup.setupBrowser(BaseSetup.java:58)\n\tat tek.sdet.framework.base.BaseUITEST.setupTests(BaseUITEST.java:11)\n","duration":6438504000,"status":"failed"},"match":{"location":"tek.sdet.framework.base.BaseUITEST.setupTests()"}}],"line":4,"name":"Verify user can search a product","description":"","id":"this-feature-is-used-for-testing-ui-of-retial-page;verify-user-can-search-a-product","after":[{"result":{"error_message":"java.lang.NullPointerException: Cannot invoke \"org.openqa.selenium.TakesScreenshot.getScreenshotAs(org.openqa.selenium.OutputType)\" because the return value of \"tek.sdet.framework.utilities.CommonUtility.getDriver()\" is null\n\tat tek.sdet.framework.utilities.CommonUtility.takeScreenShotAsBytes(CommonUtility.java:57)\n\tat tek.sdet.framework.base.BaseUITEST.closeTest(BaseUITEST.java:16)\n","duration":2278000,"status":"failed"},"match":{"location":"tek.sdet.framework.base.BaseUITEST.closeTest(io.cucumber.java.Scenario)"}}],"type":"scenario","keyword":"Scenario","steps":[{"result":{"duration":457000,"status":"skipped"},"line":5,"name":"User is on tek retail website","match":{"location":"tek.sdet.framework.steps.SignInSteps.userIsOnRetailWebsite()"},"keyword":"Given "},{"result":{"duration":72000,"status":"skipped"},"line":6,"name":"User search for \"pokemon\" product","match":{"arguments":[{"val":"\"pokemon\"","offset":16}],"location":"tek.sdet.framework.steps.RetailSteps.userSearchForProduct(java.lang.String)"},"keyword":"When "},{"result":{"duration":47000,"status":"skipped"},"line":7,"name":"The product should be displayed","match":{"location":"tek.sdet.framework.steps.RetailSteps.theProductShouldBeDisplayed()"},"keyword":"Then "},{"result":{"duration":43000,"status":"skipped"},"line":8,"name":"User click on product","match":{"location":"tek.sdet.framework.steps.RetailSteps.clickOnProduct()"},"keyword":"Then "},{"result":{"duration":37000,"status":"skipped"},"line":9,"name":"User add the product to cart","match":{"location":"tek.sdet.framework.steps.RetailSteps.addToCart()"},"keyword":"Then "}],"tags":[{"name":"@smoking"}]}],"name":"This feature is used for testing UI of Retial Page","description":"","id":"this-feature-is-used-for-testing-ui-of-retial-page","keyword":"Feature","uri":"classpath:features/retailHomePage.feature","tags":[]}]